<?xml version="1.0" encoding="UTF-8"?>
<!-- Generated by org.testng.reporters.JUnitReportReporter -->
<testsuite hostname="DESKTOP-06" failures="0" tests="1" name="Tests.Scripts" time="7.416" errors="0" timestamp="2024-07-26T14:50:08 IST" skipped="0">
  <testcase classname="Tests.Scripts" name="run" time="7.416"/>
</testsuite> <!-- Tests.Scripts -->
